<?xml version="1.0" encoding="UTF-8" ?>
<testsuite tests="5" failures="0" name="com.MyBank.BLogic.ValidateNewUserDetailsTest" time="0" errors="0" skipped="0">
  <properties>
[...]
</properties>
  <testcase classname="com.MyBank.BLogic.ValidateNewUserDetailsTest" name="testValidateInitialBalance2" time="0"/>
  <testcase classname="com.MyBank.BLogic.ValidateNewUserDetailsTest" name="testValidatePassword" time="0"/>
  <testcase classname="com.MyBank.BLogic.ValidateNewUserDetailsTest" name="testValidateInitialBalance" time="0"/>
  <testcase classname="com.MyBank.BLogic.ValidateNewUserDetailsTest" name="testValidateAdhar" time="0"/>
  <testcase classname="com.MyBank.BLogic.ValidateNewUserDetailsTest" name="testValidatePhoneNumber" time="0"/>
</testsuite>